commit 6d2a88cc442a08209619bdc79c9731c34e78993b
Author: Group name <groupemail@noreply.com>
Date:   Fri Jul 11 00:53:47 2014 +0000

    Fixed typo on Nathan's bio

commit 33f769dfdf2dcf97f58f159cec41a9e1cf5f25b1
Author: Group name <groupemail@noreply.com>
Date:   Fri Jul 11 00:53:25 2014 +0000

    Fixed reviewer links for Caesar Salad

commit 956b51ddd432d4f8b77f512f804412572dae5a28
Author: Group name <groupemail@noreply.com>
Date:   Fri Jul 11 00:52:57 2014 +0000

    Fixed broken link

commit 90f8154cb2884c9c20619171ede6768356d0b9a1
Author: Group name <groupemail@noreply.com>
Date:   Fri Jul 11 00:49:47 2014 +0000

    ran pydoc

commit d2ea0892afda514bfc9b6c28d734500f72d9d791
Merge: 2772e76 2de5711
Author: Group name <groupemail@noreply.com>
Date:   Thu Jul 10 23:57:03 2014 +0000

    Merge branch 'master' of https://github.com/notoriusBIGinteger/cs373-idb

commit 2772e76f6adc2760e4b7a60331e227b8aad3106b
Author: Group name <groupemail@noreply.com>
Date:   Thu Jul 10 23:54:28 2014 +0000

    Fixed the dead links for the html,set up proper view/urls in django, added new html web pages

commit 2de5711268973d0624d8fa99b2ade28bdad2024b
Author: Nathan Heskia <nathan.heskia@utexas.edu>
Date:   Thu Jul 10 18:02:34 2014 -0500

    10+ Technical Report

commit 1b4211fdf69d46a8737b5c965e675ff893ab90dc
Author: Nathan Heskia <nathan.heskia@utexas.edu>
Date:   Thu Jul 10 14:23:56 2014 -0500

    Transferring blueprint from apiary.io

commit 0be8241033511dd7aa168f6d6990db8bf2af16ca
Author: Nathan Heskia <nathan.heskia@utexas.edu>
Date:   Thu Jul 10 14:20:51 2014 -0500

    Transferring blueprint from apiary.io

commit 63d91247ab561f5c88787ab902fb0080d64786d6
Author: Nathan Heskia <nathan.heskia@utexas.edu>
Date:   Wed Jul 9 20:37:17 2014 -0500

    Transferring blueprint from apiary.io

commit f63ebf83db5ea3a3993e0811595a677287ed082b
Author: Nathan Heskia <nathan.heskia@utexas.edu>
Date:   Wed Jul 9 20:36:41 2014 -0500

    Transferring blueprint from apiary.io

commit 0b713d9d5340f6fb8728c2b5c795250f7a4b9858
Merge: 4448459 71a52f4
Author: Mike Wham <mtwham@humility>
Date:   Wed Jul 9 20:22:49 2014 -0500

    Merge branch 'master' of github.com:notoriusBIGinteger/cs373-idb

commit 444845926e096d81f0634ffa516d0c0172ab2762
Author: Mike Wham <mtwham@humility>
Date:   Wed Jul 9 20:22:40 2014 -0500

    Adding in reviewer section

commit 71a52f452d2e009ae59db9e2b8be417026abc491
Author: Nathan Heskia <nathan.heskia@utexas.edu>
Date:   Wed Jul 9 20:10:04 2014 -0500

    Transferring blueprint from apiary.io

commit d387dc71abf123f860e15c91ab44b2fbe607d136
Author: Mike Wham <mtwham@humility>
Date:   Wed Jul 9 19:28:21 2014 -0500

    Finishing up splash page

commit 6485c3d2edcd041ed4248e372b8d6ccab21d8bab
Merge: 70fdd15 dcf0288
Author: Omar Lalani <omarlalani@gmail.com>
Date:   Wed Jul 9 19:26:57 2014 -0500

    Merge branch 'master' of https://github.com/notoriusBIGinteger/cs373-idb
    
    r Please enter a commit message to explain why this merge is necessary,

commit 70fdd15c69f55031a58922f6923054fbdce37f48
Author: Omar Lalani <omarlalani@gmail.com>
Date:   Wed Jul 9 19:26:43 2014 -0500

    New Review Pages added closes #19

commit dcf028808096b2d1ecefbf5bbb270d2f453a42ea
Author: Nathan Heskia <nathan.heskia@utexas.edu>
Date:   Wed Jul 9 19:20:43 2014 -0500

    Transferring blueprint from apiary.io

commit efc42e1ba0c06c4b52a7b2d8f48be3f5bcc8f560
Merge: f3d0c78 ecbc3e8
Author: Mike Wham <mtwham@humility>
Date:   Wed Jul 9 17:10:20 2014 -0500

    Merge branch 'master' of github.com:notoriusBIGinteger/cs373-idb

commit f3d0c786a24cd6eb773709242a7edd6290d490ca
Author: Mike Wham <mtwham@humility>
Date:   Wed Jul 9 17:10:11 2014 -0500

    Very basic splash page

commit ecbc3e8c05c6d6308875a4e7d3ede6d3d6c601ba
Author: Nathan Heskia <nathan.heskia@utexas.edu>
Date:   Wed Jul 9 16:49:14 2014 -0500

    Transferring blueprint from apiary.io

commit fd10444dd90278fbee576f5afbbb9c36e786dcc1
Author: Nathan Heskia <nathan.heskia@utexas.edu>
Date:   Wed Jul 9 16:43:35 2014 -0500

    Transferring blueprint from apiary.io

commit f3bde0d2b43296929c706613c6f5b8190708ec56
Author: Nathan Heskia <nathan.heskia@utexas.edu>
Date:   Wed Jul 9 16:28:36 2014 -0500

    Transferring blueprint from apiary.io

commit a67d30fbd57b62ef97360ac8e25c0a7f8a7e437b
Author: Nathan Heskia <nathan.heskia@utexas.edu>
Date:   Wed Jul 9 16:24:07 2014 -0500

    Transferring blueprint from apiary.io

commit e72b524ae19b993ae3f3348731eb2fd0069afec2
Author: Nathan Heskia <nathan.heskia@utexas.edu>
Date:   Wed Jul 9 16:20:17 2014 -0500

    Transferring blueprint from apiary.io

commit c42e8cdaa6bc3ff97e65b4901e07c0de866ffcd8
Author: Mike Wham <mtwham@humility>
Date:   Wed Jul 9 16:19:01 2014 -0500

    Update hyde park entrees

commit a94d201cddadff6184badcfd56f8ff930401b63a
Author: Mike Wham <mtwham@humility>
Date:   Wed Jul 9 15:55:57 2014 -0500

    Finish kerbey lane

commit 8266c7b077c5c3180879caf051fc4fc1d3a9f918
Author: Mike Wham <mtwham@humility>
Date:   Wed Jul 9 15:46:03 2014 -0500

    Add reviews to magnolia cafe, fish taco pic

commit f3ef3fe9c2474f0c51ae41674a61b7d1f898c781
Author: Nathan Heskia <nathan.heskia@utexas.edu>
Date:   Wed Jul 9 11:59:45 2014 -0500

    Transferring blueprint from apiary.io

commit bcfcb38610721ecf568b47fba7f5f3a8c32864b4
Author: Nathan Heskia <nathan.heskia@utexas.edu>
Date:   Tue Jul 8 19:30:11 2014 -0500

    Transferring blueprint from apiary.io

commit dfa70bff401c4aebb2bf655e97817996b4bfffe8
Author: Alex Landaverde <tigresalex11@gmail.com>
Date:   Tue Jul 8 19:13:42 2014 -0500

    added unit testing and some get_all methods within models.

commit 103dfc7b8dba9f747ce840605e83746158e6d4ab
Author: Mike Wham <mtwham@humility>
Date:   Tue Jul 8 18:54:41 2014 -0500

    Add in reviews for Hyde Park

commit 8821cfc6e997a9e0ff8c9dfb1b69402c4fded433
Merge: 70edab8 6ddaf9c
Author: Kevin Wheeler <kevinwheeler@users.noreply.github.com>
Date:   Tue Jul 8 18:18:11 2014 -0500

    Merge branch 'master' of github.com:notoriusBIGinteger/cs373-idb

commit 70edab8c3d33e813353b680dc97ba9d508d666b2
Author: Kevin Wheeler <kevinwheeler@users.noreply.github.com>
Date:   Tue Jul 8 18:17:52 2014 -0500

    Correct stubs being rendered based on captured ID. Close #18

commit 6ddaf9c5dddf43b8138ddc5e0f78cc1d62e065a4
Author: Omar Lalani <omarlalani@gmail.com>
Date:   Tue Jul 8 17:38:59 2014 -0500

    Review pages for all three restaurants closes #17

commit ed5554235520a0f721702353dc6ccdcd8d331379
Author: Omar Lalani <omarlalani@gmail.com>
Date:   Tue Jul 8 17:21:41 2014 -0500

    foods similar and specific food pages for ceasar salad and hyde park bar grill closes #16

commit 78cf48676177cb08149eb34899747c57625d3e05
Author: Mike Wham <mtwham@humility>
Date:   Tue Jul 8 17:08:15 2014 -0500

    Update links between menu and pasta dish

commit 1c7fdf4e5faf24232f0f07441b6b6b207009cc25
Author: Mike Wham <mtwham@humility>
Date:   Tue Jul 8 16:47:01 2014 -0500

    Fix menu path

commit b89ab4a79699b36c773a37c3582e2527ba8d9f6c
Author: Mike Wham <mtwham@humility>
Date:   Tue Jul 8 16:45:48 2014 -0500

    Rename hyde park html

commit ae6013ace48cd87d308254de8463d31566f8f0b3
Merge: 6513574 7cd3922
Author: Omar Lalani <omarlalani@gmail.com>
Date:   Tue Jul 8 16:42:55 2014 -0500

    Merge branch 'master' of https://github.com/notoriusBIGinteger/cs373-idb
    
    Out of order commits?

commit 7cd392288c78e77be4947875c75527ab259d57ec
Merge: 3c46844 aa1a452
Author: Kevin Wheeler <kevinwheeler@users.noreply.github.com>
Date:   Tue Jul 8 16:42:41 2014 -0500

    Merge branch 'master' of github.com:notoriusBIGinteger/cs373-idb

commit 3c468445669b314b64a7c3069275abda2e05fefe
Author: Kevin Wheeler <kevinwheeler@users.noreply.github.com>
Date:   Tue Jul 8 16:42:37 2014 -0500

    Views now rendering stub html/template files. Close #14

commit 6513574008d997a4376eed1617799ba73c1a2a81
Merge: 835d0b3 aa1a452
Author: Omar Lalani <omarlalani@gmail.com>
Date:   Tue Jul 8 16:42:32 2014 -0500

    Merge branch 'master' of https://github.com/notoriusBIGinteger/cs373-idb

commit 835d0b3898c4c64f61649b001ff9b82e9120096c
Author: Omar Lalani <omarlalani@gmail.com>
Date:   Tue Jul 8 16:42:24 2014 -0500

    menu items for hyde park bar and grill closes #15

commit aa1a45228af6b1bb23e828df70f10d8866854f2b
Author: Mike Wham <mtwham@humility>
Date:   Tue Jul 8 16:39:02 2014 -0500

    Update map for hyde park location

commit 677c3820e7097c990e0006fd43bd709c32e0997a
Author: Mike Wham <mtwham@humility>
Date:   Tue Jul 8 16:30:43 2014 -0500

    Add hyde park b-n-g

commit c46868565fb539e782a8e8a43a8ee82f0951e39c
Author: Mike Wham <mtwham@humility>
Date:   Tue Jul 8 16:25:14 2014 -0500

    Rename similar-alfredo-pasta

commit 341ef9b0caf7591e7a40ad06513a097dff45a95f
Author: Omar Lalani <omarlalani@gmail.com>
Date:   Tue Jul 8 16:20:26 2014 -0500

    page containing items similar to alfredo pasta closes #12

commit b683a7a887ff46df9cbdb3a9416df114e3e747c1
Author: Mike Wham <mtwham@humility>
Date:   Tue Jul 8 16:00:03 2014 -0500

    Begin on first menu item

commit e58accea4d647f13aabaff44eecbd4b0b6022a9c
Author: Omar Lalani <omarlalani@gmail.com>
Date:   Tue Jul 8 15:58:41 2014 -0500

    kirbey lane menu items closes #11

commit 916d48f7cf3cc4e4da57b0a785a805ec7e76824f
Author: Mike Wham <mtwham@humility>
Date:   Tue Jul 8 15:18:46 2014 -0500

    remove index.html, not currently needed

commit 39079fcbd59d9e2b5eed197a18342ca354684e42
Author: Mike Wham <mtwham@humility>
Date:   Tue Jul 8 15:13:40 2014 -0500

    Add base static html to repo

commit 94ced0ed1c8ebaaf0f2c7e071696b0b3322d0bc6
Author: Kevin Wheeler <kevinwheeler@users.noreply.github.com>
Date:   Sun Jul 6 19:10:49 2014 -0500

    forgot to add file to last commit

commit b083e9e020117904135a154f0bb41a2844628182
Author: Kevin Wheeler <kevinwheeler@users.noreply.github.com>
Date:   Sun Jul 6 19:03:38 2014 -0500

    got initial/bad solution for url mapping

commit 92cd75c1fcc89287b10873122db53f796154c4c2
Author: Kevin Wheeler <kevinwheeler@users.noreply.github.com>
Date:   Sun Jul 6 18:22:49 2014 -0500

    fixed indentation bugs from last commit

commit c456261714b1a2ab24ecf9775ab23e42899f0648
Author: Kevin Wheeler <kevinwheeler@users.noreply.github.com>
Date:   Sun Jul 6 18:03:57 2014 -0500

    Updated Models as a group of 3

commit 92720304370c41936215c67296612da78c8819d0
Author: Group name <groupemail@noreply.com>
Date:   Sun Jul 6 21:58:35 2014 +0000

    small adjustments to models

commit 99efd253f4cf0fde85eff87f52f2ece29d94d69f
Author: Kevin Wheeler <kevinwheeler@users.noreply.github.com>
Date:   Sun Jul 6 16:36:07 2014 -0500

    Registered Models with admin

commit 5c221afd5b7c5328c832373ee24b658a53e06101
Author: Group name <groupemail@noreply.com>
Date:   Sun Jul 6 21:27:51 2014 +0000

    ran syncdb after adding ourapp models

commit 177e1085be3b29fc85a0f72243878c8c7dae73fe
Author: Nathan Heskia <nathan.heskia@utexas.edu>
Date:   Sun Jul 6 16:25:06 2014 -0500

    Class hierarchies fixed

commit aa3464b6d3439980286f78da833ead505dc96c06
Author: Nathan Heskia <nathan.heskia@utexas.edu>
Date:   Sun Jul 6 16:21:58 2014 -0500

    Initial models

commit 06fafa10d3e08615a0b6bdbf920a2aaa820100a2
Author: Group name <groupemail@noreply.com>
Date:   Sun Jul 6 20:52:02 2014 +0000

    added ourapp to INSTALLED_APPS

commit 7f857cf1055594b5cdddeb5538ba53e397f33cc6
Author: Group name <groupemail@noreply.com>
Date:   Sun Jul 6 20:46:30 2014 +0000

    ran startapp command

commit 7436b60c1b3f1dd7adbcdb6c219449c10ccdce18
Author: Group name <groupemail@noreply.com>
Date:   Sun Jul 6 20:41:34 2014 +0000

    ran initial syncdb

commit 68a4df365892d16456a0f3faaa13f426eeb168c8
Author: Kevin Wheeler <kevinwheeler@users.noreply.github.com>
Date:   Sun Jul 6 15:38:49 2014 -0500

    added timezone

commit 31ecccedcf36ec95d001fe400e00502a525c22f9
Author: Group name <groupemail@noreply.com>
Date:   Sun Jul 6 20:34:11 2014 +0000

    made new project to use python 3.3

commit 9b7de8100cb217cfdbbaafdce4efbdda9a4f68e5
Author: Kevin Wheeler <kevinwheeler@users.noreply.github.com>
Date:   Sun Jul 6 14:22:49 2014 -0500

    Set timezone. Ran intial syncdb

commit 6507d790547db77fb4bf20e21824cf0d2b0ef36e
Author: Group name <groupemail@noreply.com>
Date:   Sun Jul 6 19:08:28 2014 +0000

    Got project intialized on pythonanywhere

commit 5a6ccc4b8dc17b4bc677a1ea5ec3ae4520f13439
Author: Kevin Wheeler <kevinwheeler@users.noreply.github.com>
Date:   Sun Jul 6 13:12:16 2014 -0500

    ran djangoadmin.py makeproject.

commit f70d8a0827d1ae5aa591aa9cd613f955d8a5e509
Author: Mike Wham <mtwham@gmail.com>
Date:   Wed Jul 2 20:23:47 2014 -0500

    Add contact info for Mike Wham

commit 3b8c4f72def9e535b262a6567e9e9467d96accb2
Author: Omar Lalani <omarlalani@gmail.com>
Date:   Wed Jul 2 20:22:26 2014 -0500

    Updated Readme

commit 0dff2050d1085d94111daa90b11cff8d3cfd8636
Author: Omar Lalani <omarlalani@gmail.com>
Date:   Wed Jul 2 20:16:54 2014 -0500

    Initial commit
